build/app/outputs/mapping/release/seeds.txt
alikortak.hrw_textscanner.MainActivity: MainActivity()
alikortak.hrw_textscanner.MainActivity
...
com.google.android.gms.internal.firebase_ml.zzlu$zzg: com.google.android.gms.internal.firebase_ml.zzwr zzs
com.google.firestore.v1.Document: int FIELDS_FIELD_NUMBER
com.google.firestore.v1.StructuredQuery$FieldFilter$Operator: com.google.firestore.v1.StructuredQuery$FieldFilter$Operator valueOf(java.lang.String)
io.flutter.embedding.engine.FlutterJNI: void setSemanticsEnabled(boolean)
com.google.firestore.v1.CommitResponse: int COMMIT_TIME_FIELD_NUMBER
androidx.appcompat.widget.AppCompatEditText: void setBackgroundResource(int)
com.google.firestore.v1.Cursor: com.google.protobuf.Parser PARSER
com.google.firestore.v1.WriteResult: com.google.protobuf.Timestamp updateTime_
com.google.android.gms.internal.firebase_ml.zzlu$zzl: com.google.android.gms.internal.firebase_ml.zzlu$zze zzadn
androidx.appcompat.widget.LinearLayoutCompat: int getGravity()
com.google.android.gms.internal.firebase-auth-api.zzgd: com.google.android.gms.internal.firebase-auth-api.zzgd zzb
io.flutter.plugins.imagepicker.ImagePickerFileProvider: ImagePickerFileProvider()
androidx.appcompat.widget.AppCompatImageView: android.content.res.ColorStateList getSupportBackgroundTintList()
com.google.android.gms.internal.firebase_ml.zzlu$zzag: int zzapu
com.google.android.gms.internal.firebase_ml.zzlu$zzm: com.google.android.gms.internal.firebase_ml.zzlu$zzt zzadg
com.google.android.gms.internal.firebase_ml.zzlu$zzx: java.lang.String zzamf
io.flutter.view.AccessibilityViewEmbedder: void cacheVirtualIdMappings(android.view.View,int,int)
com.google.android.gms.internal.firebase_ml.zzlu$zzaa$zza: com.google.android.gms.internal.firebase_ml.zzlu$zzaa$zza[] values()
com.google.android.gms.internal.firebase-auth-api.zziv: int zzh
com.google.android.gms.internal.firebase_ml.zzjp: java.util.List productCategories
com.google.firestore.v1.StructuredQuery$CompositeFilter: com.google.firestore.v1.StructuredQuery$CompositeFilter DEFAULT_INSTANCE
io.flutter.embedding.engine.FlutterJNI: void removeEngineLifecycleListener(io.flutter.embedding.engine.FlutterEngine$EngineLifecycleListener)
com.google.firebase.iid.Registrar
com.google.firebase.firestore.proto.Target$TargetTypeCase: com.google.firebase.firestore.proto.Target$TargetTypeCase valueOf(java.lang.String)
io.grpc.ConnectivityState: io.grpc.ConnectivityState[] values()
com.google.android.gms.internal.firebase_ml.zzlu$zze: int zzadp
com.google.android.gms.internal.firebase-auth-api.zzim
androidx.appcompat.widget.Toolbar: androidx.appcompat.widget.ActionMenuPresenter getOuterActionMenuPresenter()
com.google.android.gms.internal.firebase_ml.zzfj: java.util.List retryAfter
androidx.appcompat.widget.AppCompatSpinner$SavedState: android.os.Parcelable$Creator CREATOR
com.google.android.gms.internal.clearcut.zzge$zzs: int zzbb
com.google.android.gms.internal.firebase-auth-api.zzhg: com.google.android.gms.internal.firebase-auth-api.zzhg zzb
androidx.appcompat.widget.AppCompatImageButton: void setBackgroundResource(int)
com.google.android.gms.internal.firebase-auth-api.zzjk: com.google.android.gms.internal.firebase-auth-api.zzjk[] values()
androidx.appcompat.widget.LinearLayoutCompat: int getVirtualChildCount()
com.google.android.gms.internal.firebase-auth-api.zzxq: android.os.Parcelable$Creator CREATOR
com.google.firebase.firestore.proto.Target: int SNAPSHOT_VERSION_FIELD_NUMBER
com.google.android.gms.common.api.GoogleApiActivity: GoogleApiActivity()
io.flutter.view.FlutterCallbackInformation: java.lang.String callbackName
com.google.android.gms.internal.firebase_ml.zzlu$zzj: com.google.android.gms.internal.firebase_ml.zzwr zzs
com.google.android.gms.internal.firebase_ml.zzlu$zzt$zzb: com.google.android.gms.internal.firebase_ml.zzlu$zzt$zzb[] values()
com.google.android.gms.internal.firebase-auth-api.zzme: android.os.Parcelable$Creator CREATOR
io.grpc.Status$Code: io.grpc.Status$Code valueOf(java.lang.String)
com.google.android.gms.internal.firebase_ml.zzlu$zzaj: com.google.android.gms.internal.firebase_ml.zzwr zzs