build/app/outputs/mapping/release/mapping.txt
# compiler: R8
# compiler_version: 2.1.62
# min_api: 16
# pg_map_id: 42f86bf
# common_typos_disable
...
com.google.android.gms.internal.firebase_ml.zzub -> c.a.a.a.h.h.cb:
    int zzbpe -> d
    int zzbpf -> e
    int zzbpd -> b
    int pos -> c
    int limit -> a
    int zzcp(int) -> b
    int zzqk() -> c
com.google.android.gms.internal.firebase_ml.zzuc -> c.a.a.a.h.h.db:
com.google.android.gms.internal.firebase_ml.zzud -> c.a.a.a.h.h.eb:
com.google.android.gms.internal.firebase_ml.zzue -> c.a.a.a.h.h.fb:
    com.google.android.gms.internal.firebase_ml.zzug zzbph -> a
    java.util.logging.Logger logger -> b
    boolean zzbpg -> c
    int zzc(int,com.google.android.gms.internal.firebase_ml.zztn) -> A
    void zzt(long) -> A0
    int zzc(int,com.google.android.gms.internal.firebase_ml.zzwe,com.google.android.gms.internal.firebase_ml.zzwu) -> B
    void zzu(long) -> B0
    int zzc(int,java.lang.String) -> C
    int zzv(long) -> C0
    int zzc(int,boolean) -> D
    int zzw(long) -> D0
    int zzc(com.google.android.gms.internal.firebase_ml.zzwe) -> E
    int zzx(long) -> E0
    void zzc(double) -> F
    int zzy(long) -> F0
    void zzc(int,long) -> G
    int zzz(long) -> G0
    void zzcg(java.lang.String) -> H
    int zzch(java.lang.String) -> I
    void zzcr(int) -> J
    void zzcs(int) -> K
    void zzct(int) -> L
    void zzcu(int) -> M
    int zzcv(int) -> N
    int zzcw(int) -> O
    int zzcx(int) -> P
    int zzcy(int) -> Q
    int zzcz(int) -> R
    int zzd(double) -> S
    int zzd(int,long) -> T
    int zzd(int,com.google.android.gms.internal.firebase_ml.zztn) -> U
    int zzd(com.google.android.gms.internal.firebase_ml.zzwe) -> V
    void zzd(byte) -> W
    int zzda(int) -> X
    int zzdb(int) -> Y
    int zzdc(int) -> Z
    int zzdd(int) -> a0
    int zza(int,com.google.android.gms.internal.firebase_ml.zzvn) -> b
    int zzde(int) -> b0
    int zza(com.google.android.gms.internal.firebase_ml.zzvn) -> c
com.google.android.gms.internal.firebase_ml.zzue$zza -> c.a.a.a.h.h.fb$a:
com.google.android.gms.internal.firebase_ml.zzue$zzb -> c.a.a.a.h.h.fb$b:
    int position -> f
    int limit -> e
    byte[] buffer -> d
    void zzu(long) -> B0
    void zzc(int,long) -> G
    void zzcg(java.lang.String) -> H
    void write(byte[],int,int) -> H0
    void zzcr(int) -> J
    void zzcs(int) -> K
    void zzcu(int) -> M
    void zzd(byte) -> W
    void zzc(byte[],int,int) -> a
    void zze(byte[],int,int) -> d0
    void zza(int,long) -> g
    void zza(int,com.google.android.gms.internal.firebase_ml.zztn) -> h
    void zza(int,com.google.android.gms.internal.firebase_ml.zzwe) -> i
    void zza(int,com.google.android.gms.internal.firebase_ml.zzwe,com.google.android.gms.internal.firebase_ml.zzwu) -> j
    void zzh(int,int) -> j0
    void zza(com.google.android.gms.internal.firebase_ml.zztn) -> k
    void zzi(int,int) -> k0
    void zzj(int,int) -> l0
    void zzl(int,int) -> n0
    int zzql() -> t0
    void zzb(int,com.google.android.gms.internal.firebase_ml.zztn) -> w
    void zzb(int,java.lang.String) -> x
    void zzb(int,boolean) -> y
    void zzs(long) -> y0
    void zzb(com.google.android.gms.internal.firebase_ml.zzwe) -> z