build/app/outputs/mapping/release/usage.txt
alikortak.hrw_textscanner.R$color
alikortak.hrw_textscanner.R$id
alikortak.hrw_textscanner.R
alikortak.hrw_textscanner.R$attr
alikortak.hrw_textscanner.R$style
alikortak.hrw_textscanner.BuildConfig
alikortak.hrw_textscanner.R$mipmap
alikortak.hrw_textscanner.R$xml
alikortak.hrw_textscanner.R$bool
alikortak.hrw_textscanner.R$interpolator
alikortak.hrw_textscanner.R$drawable
alikortak.hrw_textscanner.R$anim
alikortak.hrw_textscanner.R$string
alikortak.hrw_textscanner.R$layout
alikortak.hrw_textscanner.R$styleable
alikortak.hrw_textscanner.R$dimen
alikortak.hrw_textscanner.R$integer
...
com.google.common.collect.RangeGwtSerializationDependencies
com.google.longrunning.WaitOperationRequestOrBuilder
io.flutter.embedding.engine.plugins.service.ServiceAware$OnModeChangeListener
com.google.api.FieldBehavior
androidx.versionedparcelable.VersionedParcelParcel:
    public void writeByteArray(byte[],int,int)
    public void writeLong(long)
    public void writeFloat(float)
    public void writeDouble(double)
    public void writeStrongBinder(android.os.IBinder)
    public void writeStrongInterface(android.os.IInterface)
    public void writeBundle(android.os.Bundle)
    public long readLong()
    public float readFloat()
    public double readDouble()
    public android.os.IBinder readStrongBinder()
    public android.os.Bundle readBundle()
    private static final boolean DEBUG
    private static final java.lang.String TAG
com.google.protobuf.DescriptorProtos$FieldOptionsOrBuilder
com.google.android.gms.internal.auth-api-phone.zzr
com.google.common.collect.FilteredEntryMultimap$Keys$1
okio.AsyncTimeout:
    private static final int TIMEOUT_WRITE_SIZE
com.google.common.reflect.TypeToken$TypeSet
top.kikt.imagescanner.core.utils.VideoUtils$VideoInfo:
    public static synthetic top.kikt.imagescanner.core.utils.VideoUtils$VideoInfo copy$default(top.kikt.imagescanner.core.utils.VideoUtils$VideoInfo,java.lang.Integer,java.lang.Integer,java.lang.Integer,int,java.lang.Object)
    public final void setWidth(java.lang.Integer)
    public final void setHeight(java.lang.Integer)
    public final void setDuration(java.lang.Integer)
    public final java.lang.Integer component1()
    public final java.lang.Integer component2()
    public final java.lang.Integer component3()
    public final top.kikt.imagescanner.core.utils.VideoUtils$VideoInfo copy(java.lang.Integer,java.lang.Integer,java.lang.Integer)
com.google.common.base.Optional$1$1
com.google.firebase.firestore.LoadBundleTask
com.google.android.gms.common.api.internal.zacm:
    public void <init>(com.google.android.gms.common.api.internal.zack,android.os.Looper)
    public final void handleMessage(android.os.Message)
    private final synthetic com.google.android.gms.common.api.internal.zack zaky
com.google.firestore.v1.BeginTransactionRequestOrBuilder
androidx.core.graphics.ShaderKt
io.grpc.internal.AbstractServerStream$TransportState
com.google.firebase.heartbeatinfo.DefaultHeartBeatInfo:
    private synthetic java.lang.Void lambda$storeHeartBeatInfo$3(java.lang.String)
    private synthetic java.util.List lambda$getAndClearStoredHeartBeatInfo$2()
    public com.google.android.gms.tasks.Task getAndClearStoredHeartBeatInfo()
    public com.google.android.gms.tasks.Task storeHeartBeatInfo(java.lang.String)
androidx.core.app.RemoteInput$Builder
com.google.type.DateTimeProto
com.squareup.okhttp.internal.framed.FramedConnection$Listener
com.google.android.gms.internal.firebase-auth-api.zzja:
    static void <clinit>()
    static final synthetic int[] zza
kotlin.collections.CharIterator
androidx.collection.ArrayMap:
    public void <init>(androidx.collection.SimpleArrayMap)
    public boolean containsAll(java.util.Collection)
    public boolean removeAll(java.util.Collection)
com.google.protobuf.Option
com.google.gson.internal.bind.MapTypeAdapterFactory
com.google.android.gms.internal.firebase_ml.zzrl$zzb$zza:
    public static com.google.android.gms.internal.firebase_ml.zzrl$zzb$zza zzbw(int)
com.google.android.gms.internal.vision.zzfj:
    public static com.google.android.gms.internal.vision.zzfk zzef()
com.google.common.util.concurrent.CycleDetectingLockFactory$Policies$3
com.google.firebase.firestore.proto.MutationQueueOrBuilder
com.google.android.gms.tasks.zzp